<?xml version="1.0" encoding="UTF-8"?>
<!-- Generated by org.testng.reporters.JUnitXMLReporter -->
<testsuite ignored="0" hostname="DESKTOP-6RSBDQK" failures="0" tests="5" name="Test" time="24.075" errors="0" timestamp="2025-07-23T23:12:00 IST">
  <testcase classname="basic.ArrayNumber" name="ArrayResult" time="7.634"/>
  <testcase classname="basic.Dummy" name="Testcheckbox" time="5.232"/>
  <testcase classname="basic.Flipkart" name="software" time="5.231"/>
  <testcase classname="basic.Java_set_map" name="setExample" time="0.006"/>
  <testcase classname="basic.RadioButton_Facebook" name="webElementCommandDemo" time="5.87"/>
</testsuite> <!-- Test -->
