<?xml version="1.0" encoding="UTF-8"?>
<!-- Generated by org.testng.reporters.JUnitXMLReporter -->
<testsuite ignored="0" hostname="DESKTOP-6RSBDQK" failures="0" tests="4" name="Test" time="0.072" errors="0" timestamp="2025-07-01T11:13:27 IST">
  <testcase classname="ipltesting.GroupsTesting" name="Deleteuser" time="0.01"/>
  <testcase classname="ipltesting.GroupsTesting" name="Read" time="0.003"/>
  <testcase classname="ipltesting.GroupsTesting" name="Updatepassword" time="0.002"/>
  <testcase classname="ipltesting.GroupsTesting" name="a1" time="0.002"/>
</testsuite> <!-- Test -->
