<?xml version="1.0" encoding="UTF-8"?>
<testng-results ignored="0" total="1" passed="1" failed="0" skipped="0">
  <reporter-output>
  </reporter-output>
  <suite started-at="2025-07-22T18:51:48 IST" name="Default suite" finished-at="2025-07-22T18:52:05 IST" duration-ms="17326">
    <groups>
    </groups>
    <test started-at="2025-07-22T18:51:48 IST" name="Default test" finished-at="2025-07-22T18:52:05 IST" duration-ms="17326">
      <class name="ipltesting.AlertExample">
        <test-method signature="alertDemo()[pri:0, instance:ipltesting.AlertExample@6150c3ec]" started-at="2025-07-22T18:51:48 IST" name="alertDemo" finished-at="2025-07-22T18:52:05 IST" duration-ms="17262" status="PASS">
          <reporter-output>
          </reporter-output>
        </test-method> <!-- alertDemo -->
      </class> <!-- ipltesting.AlertExample -->
    </test> <!-- Default test -->
  </suite> <!-- Default suite -->
</testng-results>
